[INFO  - 2017-09-10T20:19:57.212Z] GhostDriver - Main - running on port 50811
[INFO  - 2017-09-10T20:19:58.296Z] Session [6a9f2f50-9665-11e7-82cd-b98b0ed12239] - page.settings - {"XSSAuditingEnabled":false,"javascriptCanCloseWindows":true,"javascriptCanOpenWindows":true,"javascriptEnabled":true,"loadImages":true,"localToRemoteUrlAccessEnabled":false,"userAgent":"Mozilla/5.0 (Windows NT 6.2; WOW64) AppleWebKit/538.1 (KHTML, like Gecko) PhantomJS/2.1.1 Safari/538.1","webSecurityEnabled":true}
[INFO  - 2017-09-10T20:19:58.296Z] Session [6a9f2f50-9665-11e7-82cd-b98b0ed12239] - page.customHeaders:  - {}
[INFO  - 2017-09-10T20:19:58.296Z] Session [6a9f2f50-9665-11e7-82cd-b98b0ed12239] - Session.negotiatedCapabilities - {"browserName":"phantomjs","version":"2.1.1","driverName":"ghostdriver","driverVersion":"1.2.0","platform":"windows-10-32bit","javascriptEnabled":true,"takesScreenshot":true,"handlesAlerts":false,"databaseEnabled":false,"locationContextEnabled":false,"applicationCacheEnabled":false,"browserConnectionEnabled":false,"cssSelectorsEnabled":true,"webStorageEnabled":false,"rotatable":false,"acceptSslCerts":false,"nativeEvents":true,"proxy":{"proxyType":"direct"}}
[INFO  - 2017-09-10T20:19:58.296Z] SessionManagerReqHand - _postNewSessionCommand - New Session Created: 6a9f2f50-9665-11e7-82cd-b98b0ed12239
[ERROR - 2017-09-10T20:20:08.401Z] Session [6a9f2f50-9665-11e7-82cd-b98b0ed12239] - page.onError - msg: TypeError: undefined is not a constructor (evaluating '$('.comment-pop').cycle')

  phantomjs://platform/console++.js:263 in error
[ERROR - 2017-09-10T20:20:08.401Z] Session [6a9f2f50-9665-11e7-82cd-b98b0ed12239] - page.onError - stack:
  (anonymous function) (https://www.republictt.com/sites/all/themes/republic/js/scripts.js:333)

  phantomjs://platform/console++.js:263 in error
[ERROR - 2017-09-10T20:20:09.440Z] Session [6a9f2f50-9665-11e7-82cd-b98b0ed12239] - page.onError - msg: TypeError: undefined is not a constructor (evaluating 'jQuery('ul.sf-menu').superfish()')

  phantomjs://platform/console++.js:263 in error
[ERROR - 2017-09-10T20:20:09.441Z] Session [6a9f2f50-9665-11e7-82cd-b98b0ed12239] - page.onError - stack:
  (anonymous function) (https://www.republictt.com/personal/forex-rates:2320)
  c (https://www.republictt.com/rates/media/libs/bootstrap-3.0.0/assets/js/jquery.js:4)
  fireWith (https://www.republictt.com/rates/media/libs/bootstrap-3.0.0/assets/js/jquery.js:4)
  ready (https://www.republictt.com/rates/media/libs/bootstrap-3.0.0/assets/js/jquery.js:4)
  q (https://www.republictt.com/rates/media/libs/bootstrap-3.0.0/assets/js/jquery.js:4)

  phantomjs://platform/console++.js:263 in error
[ERROR - 2017-09-10T20:20:09.907Z] Session [6a9f2f50-9665-11e7-82cd-b98b0ed12239] - page.onError - msg: TypeError: undefined is not a constructor (evaluating 'p('.pmad').flexslider({
			animation: "fade"
	})')

  phantomjs://platform/console++.js:263 in error
[ERROR - 2017-09-10T20:20:09.907Z] Session [6a9f2f50-9665-11e7-82cd-b98b0ed12239] - page.onError - stack:
  (anonymous function) (https://www.republictt.com/personal/forex-rates:2423)
  dispatch (https://www.republictt.com/rates/media/libs/bootstrap-3.0.0/assets/js/jquery.js:5)
  handle (https://www.republictt.com/rates/media/libs/bootstrap-3.0.0/assets/js/jquery.js:5)

  phantomjs://platform/console++.js:263 in error
